23:45:35 **** Incremental Build of configuration Debug for project DS_Project ****
Info: Internal Builder is used for build
g++ -O0 -g3 -Wall -c -fmessage-length=0 -o prettify.o "..\\prettify.cpp" 
..\prettify.cpp: In function 'std::vector<std::__cxx11::basic_string<char> > prettify(std::string)':
..\prettify.cpp:53:19: warning: comparison of integer expressions of different signedness: 'int' and 'std::vector<std::__cxx11::basic_string<char> >::size_type' {aka 'long long unsigned int'} [-Wsign-compare]
   53 |     for (int i=0;i<strings.size();i++)
      |                  ~^~~~~~~~~~~~~~~
..\prettify.cpp:50:9: warning: unused variable 'counters' [-Wunused-variable]
   50 |     int counters = 0;
      |         ^~~~~~~~
g++ -O0 -g3 -Wall -c -fmessage-length=0 -o Main.o "..\\Main.cpp" 
..\Main.cpp: In function 'void Operations_Processing()':
..\Main.cpp:120:44: error: 'prettify' was not declared in this scope
  120 |                         vector<string> m = prettify(XML_Text);
      |                                            ^~~~~~~~
23:45:57 **** Incremental Build of configuration Debug for project DS_Project ****
Info: Internal Builder is used for build
g++ -O0 -g3 -Wall -c -fmessage-length=0 -o Main.o "..\\Main.cpp" 
g++ -o DS_Project.exe Main.o XML_CheckBrackets.o XML_Minifying.o XML_TagSyntaxValidate.o XML_fileHandling.o json.o prettify.o tree.o 
c:/users/yosef/gcc/bin/../lib/gcc/x86_64-w64-mingw32/12.1.0/../../../../x86_64-w64-mingw32/bin/ld.exe: cannot open output file DS_Project.exe: Permission denied
collect2.exe: error: ld returned 1 exit status
23:46:03 **** Incremental Build of configuration Debug for project DS_Project ****
Info: Internal Builder is used for build
g++ -o DS_Project.exe Main.o XML_CheckBrackets.o XML_Minifying.o XML_TagSyntaxValidate.o XML_fileHandling.o json.o prettify.o tree.o 
Info: Nothing to build for DS_Project
23:53:07 **** Incremental Build of configuration Debug for project DS_Project ****
Info: Internal Builder is used for build
g++ -O0 -g3 -Wall -c -fmessage-length=0 -o Main.o "..\\Main.cpp" 
g++ -o DS_Project.exe Main.o XML_CheckBrackets.o XML_Minifying.o XML_TagSyntaxValidate.o XML_fileHandling.o json.o prettify.o tree.o 
Info: Nothing to build for DS_Project
23:54:35 **** Incremental Build of configuration Debug for project DS_Project ****
Info: Internal Builder is used for build
g++ -O0 -g3 -Wall -c -fmessage-length=0 -o Main.o "..\\Main.cpp" 
g++ -O0 -g3 -Wall -c -fmessage-length=0 -o prettify.o "..\\prettify.cpp" 
..\prettify.cpp: In function 'std::vector<std::__cxx11::basic_string<char> > prettify(std::string)':
..\prettify.cpp:54:19: warning: comparison of integer expressions of different signedness: 'int' and 'std::vector<std::__cxx11::basic_string<char> >::size_type' {aka 'long long unsigned int'} [-Wsign-compare]
   54 |     for (int i=0;i<strings.size();i++)
      |                  ~^~~~~~~~~~~~~~~
..\prettify.cpp:51:9: warning: unused variable 'counters' [-Wunused-variable]
   51 |     int counters = 0;
      |         ^~~~~~~~
g++ -o DS_Project.exe Main.o XML_CheckBrackets.o XML_Minifying.o XML_TagSyntaxValidate.o XML_fileHandling.o json.o prettify.o tree.o 
Info: Nothing to build for DS_Project
23:55:28 **** Incremental Build of configuration Debug for project DS_Project ****
Info: Internal Builder is used for build
g++ -O0 -g3 -Wall -c -fmessage-length=0 -o Main.o "..\\Main.cpp" 
g++ -o DS_Project.exe Main.o XML_CheckBrackets.o XML_Minifying.o XML_TagSyntaxValidate.o XML_fileHandling.o json.o prettify.o tree.o 
Info: Nothing to build for DS_Project
Info: Nothing to build for DS_Project
23:57:42 **** Incremental Build of configuration Debug for project DS_Project ****
Info: Internal Builder is used for build
g++ -O0 -g3 -Wall -c -fmessage-length=0 -o Main.o "..\\Main.cpp" 
g++ -o DS_Project.exe Main.o XML_CheckBrackets.o XML_Minifying.o XML_TagSyntaxValidate.o XML_fileHandling.o json.o prettify.o tree.o 
c:/users/yosef/gcc/bin/../lib/gcc/x86_64-w64-mingw32/12.1.0/../../../../x86_64-w64-mingw32/bin/ld.exe: cannot open output file DS_Project.exe: Permission denied
collect2.exe: error: ld returned 1 exit status
23:57:48 **** Incremental Build of configuration Debug for project DS_Project ****
Info: Internal Builder is used for build
g++ -o DS_Project.exe Main.o XML_CheckBrackets.o XML_Minifying.o XML_TagSyntaxValidate.o XML_fileHandling.o json.o prettify.o tree.o 
Info: Nothing to build for DS_Project
23:58:15 **** Incremental Build of configuration Debug for project DS_Project ****
Info: Internal Builder is used for build
g++ -O0 -g3 -Wall -c -fmessage-length=0 -o Main.o "..\\Main.cpp" 
g++ -o DS_Project.exe Main.o XML_CheckBrackets.o XML_Minifying.o XML_TagSyntaxValidate.o XML_fileHandling.o json.o prettify.o tree.o 
c:/users/yosef/gcc/bin/../lib/gcc/x86_64-w64-mingw32/12.1.0/../../../../x86_64-w64-mingw32/bin/ld.exe: cannot open output file DS_Project.exe: Permission denied
collect2.exe: error: ld returned 1 exit status
23:58:20 **** Incremental Build of configuration Debug for project DS_Project ****
Info: Internal Builder is used for build
g++ -o DS_Project.exe Main.o XML_CheckBrackets.o XML_Minifying.o XML_TagSyntaxValidate.o XML_fileHandling.o json.o prettify.o tree.o 
00:00:24 **** Incremental Build of configuration Debug for project DS_Project ****
Info: Internal Builder is used for build
g++ -O0 -g3 -Wall -c -fmessage-length=0 -o Main.o "..\\Main.cpp" 
g++ -o DS_Project.exe Main.o XML_CheckBrackets.o XML_Minifying.o XML_TagSyntaxValidate.o XML_fileHandling.o json.o prettify.o tree.o 
00:07:56 **** Incremental Build of configuration Debug for project DS_Project ****
Info: Internal Builder is used for build
g++ -O0 -g3 -Wall -c -fmessage-length=0 -o XML_TagSyntaxValidate.o "..\\XML_TagSyntaxValidate.cpp" 
..\XML_TagSyntaxValidate.cpp: In function 'bool XML_TagSyntaxValidate(std::string)':
..\XML_TagSyntaxValidate.cpp:14:21: warning: comparison of integer expressions of different signedness: 'int' and 'std::__cxx11::basic_string<char>::size_type' {aka 'long long unsigned int'} [-Wsign-compare]
   14 |         while(index < XML_Text.length())
      |               ~~~~~~^~~~~~~~~~~~~~~~~~~
g++ -o DS_Project.exe Main.o XML_CheckBrackets.o XML_Minifying.o XML_TagSyntaxValidate.o XML_fileHandling.o json.o prettify.o tree.o 
Info: Nothing to build for DS_Project
Info: Nothing to build for DS_Project
00:10:37 **** Incremental Build of configuration Debug for project DS_Project ****
Info: Internal Builder is used for build
g++ -O0 -g3 -Wall -c -fmessage-length=0 -o Main.o "..\\Main.cpp" 
g++ -o DS_Project.exe Main.o XML_CheckBrackets.o XML_Minifying.o XML_TagSyntaxValidate.o XML_fileHandling.o json.o prettify.o tree.o 
00:30:37 **** Incremental Build of configuration Debug for project DS_Project ****
Info: Internal Builder is used for build
g++ -O0 -g3 -Wall -c -fmessage-length=0 -o prettify.o "..\\prettify.cpp" 
..\prettify.cpp: In function 'std::vector<std::__cxx11::basic_string<char> > prettify(std::string)':
..\prettify.cpp:58:19: warning: comparison of integer expressions of different signedness: 'int' and 'std::vector<std::__cxx11::basic_string<char> >::size_type' {aka 'long long unsigned int'} [-Wsign-compare]
   58 |     for (int i=0;i<strings.size();i++)
      |                  ~^~~~~~~~~~~~~~~
..\prettify.cpp:55:9: warning: unused variable 'counters' [-Wunused-variable]
   55 |     int counters = 0;
      |         ^~~~~~~~
g++ -o DS_Project.exe Main.o XML_CheckBrackets.o XML_Minifying.o XML_TagSyntaxValidate.o XML_fileHandling.o json.o prettify.o tree.o 
c:/users/yosef/gcc/bin/../lib/gcc/x86_64-w64-mingw32/12.1.0/../../../../x86_64-w64-mingw32/bin/ld.exe: cannot open output file DS_Project.exe: Permission denied
collect2.exe: error: ld returned 1 exit status
00:30:46 **** Incremental Build of configuration Debug for project DS_Project ****
Info: Internal Builder is used for build
g++ -o DS_Project.exe Main.o XML_CheckBrackets.o XML_Minifying.o XML_TagSyntaxValidate.o XML_fileHandling.o json.o prettify.o tree.o 
00:34:57 **** Incremental Build of configuration Debug for project DS_Project ****
Info: Internal Builder is used for build
g++ -O0 -g3 -Wall -c -fmessage-length=0 -o XML_TagSyntaxValidate.o "..\\XML_TagSyntaxValidate.cpp" 
..\XML_TagSyntaxValidate.cpp: In function 'bool XML_TagSyntaxValidate(std::string)':
..\XML_TagSyntaxValidate.cpp:14:21: warning: comparison of integer expressions of different signedness: 'int' and 'std::__cxx11::basic_string<char>::size_type' {aka 'long long unsigned int'} [-Wsign-compare]
   14 |         while(index < XML_Text.length())
      |               ~~~~~~^~~~~~~~~~~~~~~~~~~
g++ -o DS_Project.exe Main.o XML_CheckBrackets.o XML_Minifying.o XML_TagSyntaxValidate.o XML_fileHandling.o json.o prettify.o tree.o 
Info: Nothing to build for DS_Project
Info: Nothing to build for DS_Project
00:36:51 **** Incremental Build of configuration Debug for project DS_Project ****
Info: Internal Builder is used for build
g++ -O0 -g3 -Wall -c -fmessage-length=0 -o XML_TagSyntaxValidate.o "..\\XML_TagSyntaxValidate.cpp" 
..\XML_TagSyntaxValidate.cpp: In function 'bool XML_TagSyntaxValidate(std::string)':
..\XML_TagSyntaxValidate.cpp:14:21: warning: comparison of integer expressions of different signedness: 'int' and 'std::__cxx11::basic_string<char>::size_type' {aka 'long long unsigned int'} [-Wsign-compare]
   14 |         while(index < XML_Text.length())
      |               ~~~~~~^~~~~~~~~~~~~~~~~~~
g++ -o DS_Project.exe Main.o XML_CheckBrackets.o XML_Minifying.o XML_TagSyntaxValidate.o XML_fileHandling.o json.o prettify.o tree.o 
00:39:31 **** Incremental Build of configuration Debug for project DS_Project ****
Info: Internal Builder is used for build
g++ -O0 -g3 -Wall -c -fmessage-length=0 -o XML_TagSyntaxValidate.o "..\\XML_TagSyntaxValidate.cpp" 
..\XML_TagSyntaxValidate.cpp: In function 'bool XML_TagSyntaxValidate(std::string)':
..\XML_TagSyntaxValidate.cpp:14:21: warning: comparison of integer expressions of different signedness: 'int' and 'std::__cxx11::basic_string<char>::size_type' {aka 'long long unsigned int'} [-Wsign-compare]
   14 |         while(index < XML_Text.length())
      |               ~~~~~~^~~~~~~~~~~~~~~~~~~
g++ -o DS_Project.exe Main.o XML_CheckBrackets.o XML_Minifying.o XML_TagSyntaxValidate.o XML_fileHandling.o json.o prettify.o tree.o 
c:/users/yosef/gcc/bin/../lib/gcc/x86_64-w64-mingw32/12.1.0/../../../../x86_64-w64-mingw32/bin/ld.exe: cannot open output file DS_Project.exe: Permission denied
collect2.exe: error: ld returned 1 exit status
00:39:42 **** Incremental Build of configuration Debug for project DS_Project ****
Info: Internal Builder is used for build
g++ -o DS_Project.exe Main.o XML_CheckBrackets.o XML_Minifying.o XML_TagSyntaxValidate.o XML_fileHandling.o json.o prettify.o tree.o 
